<?xml version="1.0" encoding="UTF-8"?>
<testng-results ignored="0" total="1" passed="1" failed="0" skipped="0">
  <reporter-output>
  </reporter-output>
  <suite started-at="2018-06-04T18:19:39Z" name="Suite" finished-at="2018-06-04T18:19:39Z" duration-ms="43">
    <groups>
    </groups>
    <test started-at="2018-06-04T18:19:39Z" name="Test" finished-at="2018-06-04T18:19:39Z" duration-ms="43">
      <class name="com.learnautomation.selenium.Demoformaven">
        <test-method signature="testhello()[pri:0, instance:com.learnautomation.selenium.Demoformaven@66d18979]" started-at="2018-06-04T18:19:39Z" name="testhello" finished-at="2018-06-04T18:19:39Z" duration-ms="12" status="PASS">
          <reporter-output>
          </reporter-output>
        </test-method> <!-- testhello -->
      </class> <!-- com.learnautomation.selenium.Demoformaven -->
    </test> <!-- Test -->
  </suite> <!-- Suite -->
</testng-results>
